[2022-11-23 22:12:27,362] INFO [ControllerEventThread controllerId=0] Starting (kafka.controller.ControllerEventManager$ControllerEventThread)
[2022-11-23 22:12:27,534] INFO [Controller id=0] 0 successfully elected as the controller. Epoch incremented to 1 and epoch zk version is now 1 (kafka.controller.KafkaController)
[2022-11-23 22:12:27,546] INFO [Controller id=0] Creating FeatureZNode at path: /feature with contents: FeatureZNode(2,Enabled,Map()) (kafka.controller.KafkaController)
[2022-11-23 22:12:27,955] INFO [Controller id=0] Registering handlers (kafka.controller.KafkaController)
[2022-11-23 22:12:27,986] INFO [Controller id=0] Deleting log dir event notifications (kafka.controller.KafkaController)
[2022-11-23 22:12:27,999] INFO [Controller id=0] Deleting isr change notifications (kafka.controller.KafkaController)
[2022-11-23 22:12:28,002] INFO [Controller id=0] Initializing controller context (kafka.controller.KafkaController)
[2022-11-23 22:12:28,079] INFO [Controller id=0] Initialized broker epochs cache: HashMap(0 -> 25) (kafka.controller.KafkaController)
[2022-11-23 22:12:28,097] DEBUG [Controller id=0] Register BrokerModifications handler for Set(0) (kafka.controller.KafkaController)
[2022-11-23 22:12:28,105] DEBUG [Channel manager on controller 0]: Controller 0 trying to connect to broker 0 (kafka.controller.ControllerChannelManager)
[2022-11-23 22:12:28,123] INFO [RequestSendThread controllerId=0] Starting (kafka.controller.RequestSendThread)
[2022-11-23 22:12:28,125] INFO [Controller id=0] Currently active brokers in the cluster: Set(0) (kafka.controller.KafkaController)
[2022-11-23 22:12:28,125] INFO [Controller id=0] Currently shutting brokers in the cluster: HashSet() (kafka.controller.KafkaController)
[2022-11-23 22:12:28,125] INFO [Controller id=0] Current list of topics in the cluster: HashSet() (kafka.controller.KafkaController)
[2022-11-23 22:12:28,126] INFO [Controller id=0] Fetching topic deletions in progress (kafka.controller.KafkaController)
[2022-11-23 22:12:28,128] INFO [Controller id=0] List of topics to be deleted:  (kafka.controller.KafkaController)
[2022-11-23 22:12:28,128] INFO [Controller id=0] List of topics ineligible for deletion:  (kafka.controller.KafkaController)
[2022-11-23 22:12:28,128] INFO [Controller id=0] Initializing topic deletion manager (kafka.controller.KafkaController)
[2022-11-23 22:12:28,129] INFO [Topic Deletion Manager 0] Initializing manager with initial deletions: Set(), initial ineligible deletions: HashSet() (kafka.controller.TopicDeletionManager)
[2022-11-23 22:12:28,136] INFO [Controller id=0] Sending update metadata request (kafka.controller.KafkaController)
[2022-11-23 22:12:28,184] INFO [ReplicaStateMachine controllerId=0] Initializing replica state (kafka.controller.ZkReplicaStateMachine)
[2022-11-23 22:12:28,185] INFO [ReplicaStateMachine controllerId=0] Triggering online replica state changes (kafka.controller.ZkReplicaStateMachine)
[2022-11-23 22:12:28,211] INFO [ReplicaStateMachine controllerId=0] Triggering offline replica state changes (kafka.controller.ZkReplicaStateMachine)
[2022-11-23 22:12:28,212] DEBUG [ReplicaStateMachine controllerId=0] Started replica state machine with initial state -> HashMap() (kafka.controller.ZkReplicaStateMachine)
[2022-11-23 22:12:28,212] INFO [PartitionStateMachine controllerId=0] Initializing partition state (kafka.controller.ZkPartitionStateMachine)
[2022-11-23 22:12:28,213] INFO [PartitionStateMachine controllerId=0] Triggering online partition state changes (kafka.controller.ZkPartitionStateMachine)
[2022-11-23 22:12:28,218] DEBUG [PartitionStateMachine controllerId=0] Started partition state machine with initial state -> HashMap() (kafka.controller.ZkPartitionStateMachine)
[2022-11-23 22:12:28,218] INFO [Controller id=0] Ready to serve as the new controller with epoch 1 (kafka.controller.KafkaController)
[2022-11-23 22:12:28,227] INFO [Controller id=0] Partitions undergoing preferred replica election:  (kafka.controller.KafkaController)
[2022-11-23 22:12:28,227] INFO [Controller id=0] Partitions that completed preferred replica election:  (kafka.controller.KafkaController)
[2022-11-23 22:12:28,228] INFO [Controller id=0] Skipping preferred replica election for partitions due to topic deletion:  (kafka.controller.KafkaController)
[2022-11-23 22:12:28,228] INFO [Controller id=0] Resuming preferred replica election for partitions:  (kafka.controller.KafkaController)
[2022-11-23 22:12:28,238] INFO [RequestSendThread controllerId=0] Controller 0 connected to host.docker.internal:9092 (id: 0 rack: null) for sending state change requests (kafka.controller.RequestSendThread)
[2022-11-23 22:12:28,251] INFO [Controller id=0] Starting replica leader election (PREFERRED) for partitions  triggered by ZkTriggered (kafka.controller.KafkaController)
[2022-11-23 22:12:28,476] INFO [Controller id=0] Starting the controller scheduler (kafka.controller.KafkaController)
[2022-11-23 22:12:33,498] INFO [Controller id=0] Processing automatic preferred replica leader election (kafka.controller.KafkaController)
[2022-11-23 22:12:33,499] TRACE [Controller id=0] Checking need to trigger auto leader balancing (kafka.controller.KafkaController)
[2022-11-23 22:15:09,712] INFO [Controller id=0] New topics: [Set(weather-topic)], deleted topics: [HashSet()], new partition replica assignment [Set(TopicIdReplicaAssignment(weather-topic,Some(Phl3nG6sTfqNUdCDngtKEg),Map(weather-topic-0 -> ReplicaAssignment(replicas=0, addingReplicas=, removingReplicas=))))] (kafka.controller.KafkaController)
[2022-11-23 22:15:09,713] INFO [Controller id=0] New partition creation callback for weather-topic-0 (kafka.controller.KafkaController)
[2022-11-23 22:17:33,511] INFO [Controller id=0] Processing automatic preferred replica leader election (kafka.controller.KafkaController)
[2022-11-23 22:17:33,511] TRACE [Controller id=0] Checking need to trigger auto leader balancing (kafka.controller.KafkaController)
[2022-11-23 22:17:33,517] DEBUG [Controller id=0] Topics not in preferred replica for broker 0 Map() (kafka.controller.KafkaController)
[2022-11-23 22:17:33,520] TRACE [Controller id=0] Leader imbalance ratio for broker 0 is 0.0 (kafka.controller.KafkaController)
[2022-11-23 22:22:33,530] INFO [Controller id=0] Processing automatic preferred replica leader election (kafka.controller.KafkaController)
[2022-11-23 22:22:33,530] TRACE [Controller id=0] Checking need to trigger auto leader balancing (kafka.controller.KafkaController)
[2022-11-23 22:22:33,531] DEBUG [Controller id=0] Topics not in preferred replica for broker 0 Map() (kafka.controller.KafkaController)
[2022-11-23 22:22:33,531] TRACE [Controller id=0] Leader imbalance ratio for broker 0 is 0.0 (kafka.controller.KafkaController)
[2022-11-23 22:27:33,539] INFO [Controller id=0] Processing automatic preferred replica leader election (kafka.controller.KafkaController)
[2022-11-23 22:27:33,539] TRACE [Controller id=0] Checking need to trigger auto leader balancing (kafka.controller.KafkaController)
[2022-11-23 22:27:33,539] DEBUG [Controller id=0] Topics not in preferred replica for broker 0 Map() (kafka.controller.KafkaController)
[2022-11-23 22:27:33,539] TRACE [Controller id=0] Leader imbalance ratio for broker 0 is 0.0 (kafka.controller.KafkaController)
[2022-11-23 22:32:33,541] INFO [Controller id=0] Processing automatic preferred replica leader election (kafka.controller.KafkaController)
[2022-11-23 22:32:33,542] TRACE [Controller id=0] Checking need to trigger auto leader balancing (kafka.controller.KafkaController)
[2022-11-23 22:32:33,544] DEBUG [Controller id=0] Topics not in preferred replica for broker 0 Map() (kafka.controller.KafkaController)
[2022-11-23 22:32:33,544] TRACE [Controller id=0] Leader imbalance ratio for broker 0 is 0.0 (kafka.controller.KafkaController)
[2022-11-23 22:34:49,181] INFO [Controller id=0] New topics: [Set(__consumer_offsets)], deleted topics: [HashSet()], new partition replica assignment [Set(TopicIdReplicaAssignment(__consumer_offsets,Some(Wu1brp1DQZOnrPeqgbDKnQ),HashMap(__consumer_offsets-22 -> ReplicaAssignment(replicas=0, addingReplicas=, removingReplicas=), __consumer_offsets-30 -> ReplicaAssignment(replicas=0, addingReplicas=, removingReplicas=), __consumer_offsets-25 -> ReplicaAssignment(replicas=0, addingReplicas=, removingReplicas=), __consumer_offsets-35 -> ReplicaAssignment(replicas=0, addingReplicas=, removingReplicas=), __consumer_offsets-37 -> ReplicaAssignment(replicas=0, addingReplicas=, removingReplicas=), __consumer_offsets-38 -> ReplicaAssignment(replicas=0, addingReplicas=, removingReplicas=), __consumer_offsets-13 -> ReplicaAssignment(replicas=0, addingReplicas=, removingReplicas=), __consumer_offsets-8 -> ReplicaAssignment(replicas=0, addingReplicas=, removingReplicas=), __consumer_offsets-21 -> ReplicaAssignment(replicas=0, addingReplicas=, removingReplicas=), __consumer_offsets-4 -> ReplicaAssignment(replicas=0, addingReplicas=, removingReplicas=), __consumer_offsets-27 -> ReplicaAssignment(replicas=0, addingReplicas=, removingReplicas=), __consumer_offsets-7 -> ReplicaAssignment(replicas=0, addingReplicas=, removingReplicas=), __consumer_offsets-9 -> ReplicaAssignment(replicas=0, addingReplicas=, removingReplicas=), __consumer_offsets-46 -> ReplicaAssignment(replicas=0, addingReplicas=, removingReplicas=), __consumer_offsets-41 -> ReplicaAssignment(replicas=0, addingReplicas=, removingReplicas=), __consumer_offsets-33 -> ReplicaAssignment(replicas=0, addingReplicas=, removingReplicas=), __consumer_offsets-23 -> ReplicaAssignment(replicas=0, addingReplicas=, removingReplicas=), __consumer_offsets-49 -> ReplicaAssignment(replicas=0, addingReplicas=, removingReplicas=), __consumer_offsets-47 -> ReplicaAssignment(replicas=0, addingReplicas=, removingReplicas=), __consumer_offsets-16 -> ReplicaAssignment(replicas=0, addingReplicas=, removingReplicas=), __consumer_offsets-28 -> ReplicaAssignment(replicas=0, addingReplicas=, removingReplicas=), __consumer_offsets-31 -> ReplicaAssignment(replicas=0, addingReplicas=, removingReplicas=), __consumer_offsets-36 -> ReplicaAssignment(replicas=0, addingReplicas=, removingReplicas=), __consumer_offsets-42 -> ReplicaAssignment(replicas=0, addingReplicas=, removingReplicas=), __consumer_offsets-3 -> ReplicaAssignment(replicas=0, addingReplicas=, removingReplicas=), __consumer_offsets-18 -> ReplicaAssignment(replicas=0, addingReplicas=, removingReplicas=), __consumer_offsets-15 -> ReplicaAssignment(replicas=0, addingReplicas=, removingReplicas=), __consumer_offsets-24 -> ReplicaAssignment(replicas=0, addingReplicas=, removingReplicas=), __consumer_offsets-17 -> ReplicaAssignment(replicas=0, addingReplicas=, removingReplicas=), __consumer_offsets-48 -> ReplicaAssignment(replicas=0, addingReplicas=, removingReplicas=), __consumer_offsets-19 -> ReplicaAssignment(replicas=0, addingReplicas=, removingReplicas=), __consumer_offsets-11 -> ReplicaAssignment(replicas=0, addingReplicas=, removingReplicas=), __consumer_offsets-2 -> ReplicaAssignment(replicas=0, addingReplicas=, removingReplicas=), __consumer_offsets-43 -> ReplicaAssignment(replicas=0, addingReplicas=, removingReplicas=), __consumer_offsets-6 -> ReplicaAssignment(replicas=0, addingReplicas=, removingReplicas=), __consumer_offsets-14 -> ReplicaAssignment(replicas=0, addingReplicas=, removingReplicas=), __consumer_offsets-20 -> ReplicaAssignment(replicas=0, addingReplicas=, removingReplicas=), __consumer_offsets-0 -> ReplicaAssignment(replicas=0, addingReplicas=, removingReplicas=), __consumer_offsets-44 -> ReplicaAssignment(replicas=0, addingReplicas=, removingReplicas=), __consumer_offsets-39 -> ReplicaAssignment(replicas=0, addingReplicas=, removingReplicas=), __consumer_offsets-12 -> ReplicaAssignment(replicas=0, addingReplicas=, removingReplicas=), __consumer_offsets-45 -> ReplicaAssignment(replicas=0, addingReplicas=, removingReplicas=), __consumer_offsets-1 -> ReplicaAssignment(replicas=0, addingReplicas=, removingReplicas=), __consumer_offsets-5 -> ReplicaAssignment(replicas=0, addingReplicas=, removingReplicas=), __consumer_offsets-26 -> ReplicaAssignment(replicas=0, addingReplicas=, removingReplicas=), __consumer_offsets-29 -> ReplicaAssignment(replicas=0, addingReplicas=, removingReplicas=), __consumer_offsets-34 -> ReplicaAssignment(replicas=0, addingReplicas=, removingReplicas=), __consumer_offsets-10 -> ReplicaAssignment(replicas=0, addingReplicas=, removingReplicas=), __consumer_offsets-32 -> ReplicaAssignment(replicas=0, addingReplicas=, removingReplicas=), __consumer_offsets-40 -> ReplicaAssignment(replicas=0, addingReplicas=, removingReplicas=))))] (kafka.controller.KafkaController)
[2022-11-23 22:34:49,182] INFO [Controller id=0] New partition creation callback for __consumer_offsets-22,__consumer_offsets-30,__consumer_offsets-25,__consumer_offsets-35,__consumer_offsets-37,__consumer_offsets-38,__consumer_offsets-13,__consumer_offsets-8,__consumer_offsets-21,__consumer_offsets-4,__consumer_offsets-27,__consumer_offsets-7,__consumer_offsets-9,__consumer_offsets-46,__consumer_offsets-41,__consumer_offsets-33,__consumer_offsets-23,__consumer_offsets-49,__consumer_offsets-47,__consumer_offsets-16,__consumer_offsets-28,__consumer_offsets-31,__consumer_offsets-36,__consumer_offsets-42,__consumer_offsets-3,__consumer_offsets-18,__consumer_offsets-15,__consumer_offsets-24,__consumer_offsets-17,__consumer_offsets-48,__consumer_offsets-19,__consumer_offsets-11,__consumer_offsets-2,__consumer_offsets-43,__consumer_offsets-6,__consumer_offsets-14,__consumer_offsets-20,__consumer_offsets-0,__consumer_offsets-44,__consumer_offsets-39,__consumer_offsets-12,__consumer_offsets-45,__consumer_offsets-1,__consumer_offsets-5,__consumer_offsets-26,__consumer_offsets-29,__consumer_offsets-34,__consumer_offsets-10,__consumer_offsets-32,__consumer_offsets-40 (kafka.controller.KafkaController)
[2022-11-23 22:34:51,040] INFO [RequestSendThread controllerId=0] Controller 0 connected to host.docker.internal:9092 (id: 0 rack: null) for sending state change requests (kafka.controller.RequestSendThread)
[2022-11-23 22:37:33,561] INFO [Controller id=0] Processing automatic preferred replica leader election (kafka.controller.KafkaController)
[2022-11-23 22:37:33,563] TRACE [Controller id=0] Checking need to trigger auto leader balancing (kafka.controller.KafkaController)
[2022-11-23 22:37:33,572] DEBUG [Controller id=0] Topics not in preferred replica for broker 0 HashMap() (kafka.controller.KafkaController)
[2022-11-23 22:37:33,572] TRACE [Controller id=0] Leader imbalance ratio for broker 0 is 0.0 (kafka.controller.KafkaController)
[2022-11-23 22:42:33,584] INFO [Controller id=0] Processing automatic preferred replica leader election (kafka.controller.KafkaController)
[2022-11-23 22:42:33,586] TRACE [Controller id=0] Checking need to trigger auto leader balancing (kafka.controller.KafkaController)
[2022-11-23 22:42:33,596] DEBUG [Controller id=0] Topics not in preferred replica for broker 0 HashMap() (kafka.controller.KafkaController)
[2022-11-23 22:42:33,597] TRACE [Controller id=0] Leader imbalance ratio for broker 0 is 0.0 (kafka.controller.KafkaController)
[2022-11-23 22:47:33,608] INFO [Controller id=0] Processing automatic preferred replica leader election (kafka.controller.KafkaController)
[2022-11-23 22:47:33,608] TRACE [Controller id=0] Checking need to trigger auto leader balancing (kafka.controller.KafkaController)
[2022-11-23 22:47:33,611] DEBUG [Controller id=0] Topics not in preferred replica for broker 0 HashMap() (kafka.controller.KafkaController)
[2022-11-23 22:47:33,611] TRACE [Controller id=0] Leader imbalance ratio for broker 0 is 0.0 (kafka.controller.KafkaController)
[2022-11-23 22:52:33,613] INFO [Controller id=0] Processing automatic preferred replica leader election (kafka.controller.KafkaController)
[2022-11-23 22:52:33,613] TRACE [Controller id=0] Checking need to trigger auto leader balancing (kafka.controller.KafkaController)
[2022-11-23 22:52:33,615] DEBUG [Controller id=0] Topics not in preferred replica for broker 0 HashMap() (kafka.controller.KafkaController)
[2022-11-23 22:52:33,615] TRACE [Controller id=0] Leader imbalance ratio for broker 0 is 0.0 (kafka.controller.KafkaController)
[2022-11-23 22:57:33,631] INFO [Controller id=0] Processing automatic preferred replica leader election (kafka.controller.KafkaController)
[2022-11-23 22:57:33,631] TRACE [Controller id=0] Checking need to trigger auto leader balancing (kafka.controller.KafkaController)
[2022-11-23 22:57:33,631] DEBUG [Controller id=0] Topics not in preferred replica for broker 0 HashMap() (kafka.controller.KafkaController)
[2022-11-23 22:57:33,632] TRACE [Controller id=0] Leader imbalance ratio for broker 0 is 0.0 (kafka.controller.KafkaController)
[2022-11-23 23:02:33,634] INFO [Controller id=0] Processing automatic preferred replica leader election (kafka.controller.KafkaController)
[2022-11-23 23:02:33,638] TRACE [Controller id=0] Checking need to trigger auto leader balancing (kafka.controller.KafkaController)
[2022-11-23 23:02:33,640] DEBUG [Controller id=0] Topics not in preferred replica for broker 0 HashMap() (kafka.controller.KafkaController)
[2022-11-23 23:02:33,640] TRACE [Controller id=0] Leader imbalance ratio for broker 0 is 0.0 (kafka.controller.KafkaController)
[2022-11-23 23:07:33,654] INFO [Controller id=0] Processing automatic preferred replica leader election (kafka.controller.KafkaController)
[2022-11-23 23:07:33,654] TRACE [Controller id=0] Checking need to trigger auto leader balancing (kafka.controller.KafkaController)
[2022-11-23 23:07:33,655] DEBUG [Controller id=0] Topics not in preferred replica for broker 0 HashMap() (kafka.controller.KafkaController)
[2022-11-23 23:07:33,655] TRACE [Controller id=0] Leader imbalance ratio for broker 0 is 0.0 (kafka.controller.KafkaController)
[2022-11-23 23:12:33,657] INFO [Controller id=0] Processing automatic preferred replica leader election (kafka.controller.KafkaController)
[2022-11-23 23:12:33,657] TRACE [Controller id=0] Checking need to trigger auto leader balancing (kafka.controller.KafkaController)
[2022-11-23 23:12:33,659] DEBUG [Controller id=0] Topics not in preferred replica for broker 0 HashMap() (kafka.controller.KafkaController)
[2022-11-23 23:12:33,660] TRACE [Controller id=0] Leader imbalance ratio for broker 0 is 0.0 (kafka.controller.KafkaController)
[2022-11-23 23:17:33,664] INFO [Controller id=0] Processing automatic preferred replica leader election (kafka.controller.KafkaController)
[2022-11-23 23:17:33,664] TRACE [Controller id=0] Checking need to trigger auto leader balancing (kafka.controller.KafkaController)
[2022-11-23 23:17:33,665] DEBUG [Controller id=0] Topics not in preferred replica for broker 0 HashMap() (kafka.controller.KafkaController)
[2022-11-23 23:17:33,665] TRACE [Controller id=0] Leader imbalance ratio for broker 0 is 0.0 (kafka.controller.KafkaController)
[2022-11-24 02:19:50,277] DEBUG [Controller id=0] Resigning (kafka.controller.KafkaController)
[2022-11-24 02:19:50,280] DEBUG [Controller id=0] Unregister BrokerModifications handler for Set(0) (kafka.controller.KafkaController)
[2022-11-24 02:19:50,283] INFO [PartitionStateMachine controllerId=0] Stopped partition state machine (kafka.controller.ZkPartitionStateMachine)
[2022-11-24 02:19:50,285] INFO [ReplicaStateMachine controllerId=0] Stopped replica state machine (kafka.controller.ZkReplicaStateMachine)
[2022-11-24 02:19:50,286] INFO [RequestSendThread controllerId=0] Shutting down (kafka.controller.RequestSendThread)
[2022-11-24 02:19:50,582] INFO [RequestSendThread controllerId=0] Stopped (kafka.controller.RequestSendThread)
[2022-11-24 02:19:50,582] INFO [RequestSendThread controllerId=0] Shutdown completed (kafka.controller.RequestSendThread)
[2022-11-24 02:19:50,587] INFO [Controller id=0] Resigned (kafka.controller.KafkaController)
[2022-11-24 02:19:52,894] INFO [Controller id=0] 0 successfully elected as the controller. Epoch incremented to 2 and epoch zk version is now 2 (kafka.controller.KafkaController)
[2022-11-24 02:19:52,895] INFO [Controller id=0] Registering handlers (kafka.controller.KafkaController)
[2022-11-24 02:19:52,897] INFO [Controller id=0] Deleting log dir event notifications (kafka.controller.KafkaController)
[2022-11-24 02:19:52,898] INFO [Controller id=0] Deleting isr change notifications (kafka.controller.KafkaController)
[2022-11-24 02:19:52,899] INFO [Controller id=0] Initializing controller context (kafka.controller.KafkaController)
[2022-11-24 02:19:52,902] INFO [Controller id=0] Initialized broker epochs cache: HashMap(0 -> 142) (kafka.controller.KafkaController)
[2022-11-24 02:19:52,907] DEBUG [Controller id=0] Register BrokerModifications handler for Set(0) (kafka.controller.KafkaController)
[2022-11-24 02:19:52,924] DEBUG [Channel manager on controller 0]: Controller 0 trying to connect to broker 0 (kafka.controller.ControllerChannelManager)
[2022-11-24 02:19:52,928] INFO [Controller id=0] Currently active brokers in the cluster: Set(0) (kafka.controller.KafkaController)
[2022-11-24 02:19:52,928] INFO [Controller id=0] Currently shutting brokers in the cluster: HashSet() (kafka.controller.KafkaController)
[2022-11-24 02:19:52,928] INFO [Controller id=0] Current list of topics in the cluster: HashSet(__consumer_offsets, weather-topic) (kafka.controller.KafkaController)
[2022-11-24 02:19:52,929] INFO [RequestSendThread controllerId=0] Starting (kafka.controller.RequestSendThread)
[2022-11-24 02:19:52,929] INFO [Controller id=0] Fetching topic deletions in progress (kafka.controller.KafkaController)
[2022-11-24 02:19:52,932] INFO [Controller id=0] List of topics to be deleted:  (kafka.controller.KafkaController)
[2022-11-24 02:19:52,932] INFO [Controller id=0] List of topics ineligible for deletion:  (kafka.controller.KafkaController)
[2022-11-24 02:19:52,932] INFO [Controller id=0] Initializing topic deletion manager (kafka.controller.KafkaController)
[2022-11-24 02:19:52,932] INFO [Topic Deletion Manager 0] Initializing manager with initial deletions: Set(), initial ineligible deletions: HashSet() (kafka.controller.TopicDeletionManager)
[2022-11-24 02:19:52,932] INFO [Controller id=0] Sending update metadata request (kafka.controller.KafkaController)
[2022-11-24 02:19:52,934] INFO [ReplicaStateMachine controllerId=0] Initializing replica state (kafka.controller.ZkReplicaStateMachine)
[2022-11-24 02:19:52,935] INFO [RequestSendThread controllerId=0] Controller 0 connected to host.docker.internal:9092 (id: 0 rack: null) for sending state change requests (kafka.controller.RequestSendThread)
[2022-11-24 02:19:52,935] INFO [ReplicaStateMachine controllerId=0] Triggering online replica state changes (kafka.controller.ZkReplicaStateMachine)
[2022-11-24 02:19:52,942] INFO [ReplicaStateMachine controllerId=0] Triggering offline replica state changes (kafka.controller.ZkReplicaStateMachine)
[2022-11-24 02:19:52,942] DEBUG [ReplicaStateMachine controllerId=0] Started replica state machine with initial state -> HashMap([Topic=__consumer_offsets,Partition=40,Replica=0] -> OnlineReplica, [Topic=__consumer_offsets,Partition=27,Replica=0] -> OnlineReplica, [Topic=__consumer_offsets,Partition=49,Replica=0] -> OnlineReplica, [Topic=__consumer_offsets,Partition=47,Replica=0] -> OnlineReplica, [Topic=__consumer_offsets,Partition=3,Replica=0] -> OnlineReplica, [Topic=__consumer_offsets,Partition=18,Replica=0] -> OnlineReplica, [Topic=__consumer_offsets,Partition=44,Replica=0] -> OnlineReplica, [Topic=__consumer_offsets,Partition=8,Replica=0] -> OnlineReplica, [Topic=__consumer_offsets,Partition=34,Replica=0] -> OnlineReplica, [Topic=__consumer_offsets,Partition=25,Replica=0] -> OnlineReplica, [Topic=weather-topic,Partition=0,Replica=0] -> OnlineReplica, [Topic=__consumer_offsets,Partition=14,Replica=0] -> OnlineReplica, [Topic=__consumer_offsets,Partition=24,Replica=0] -> OnlineReplica, [Topic=__consumer_offsets,Partition=36,Replica=0] -> OnlineReplica, [Topic=__consumer_offsets,Partition=42,Replica=0] -> OnlineReplica, [Topic=__consumer_offsets,Partition=45,Replica=0] -> OnlineReplica, [Topic=__consumer_offsets,Partition=11,Replica=0] -> OnlineReplica, [Topic=__consumer_offsets,Partition=32,Replica=0] -> OnlineReplica, [Topic=__consumer_offsets,Partition=12,Replica=0] -> OnlineReplica, [Topic=__consumer_offsets,Partition=30,Replica=0] -> OnlineReplica, [Topic=__consumer_offsets,Partition=9,Replica=0] -> OnlineReplica, [Topic=__consumer_offsets,Partition=39,Replica=0] -> OnlineReplica, [Topic=__consumer_offsets,Partition=38,Replica=0] -> OnlineReplica, [Topic=__consumer_offsets,Partition=23,Replica=0] -> OnlineReplica, [Topic=__consumer_offsets,Partition=19,Replica=0] -> OnlineReplica, [Topic=__consumer_offsets,Partition=17,Replica=0] -> OnlineReplica, [Topic=__consumer_offsets,Partition=41,Replica=0] -> OnlineReplica, [Topic=__consumer_offsets,Partition=37,Replica=0] -> OnlineReplica, [Topic=__consumer_offsets,Partition=48,Replica=0] -> OnlineReplica, [Topic=__consumer_offsets,Partition=29,Replica=0] -> OnlineReplica, [Topic=__consumer_offsets,Partition=10,Replica=0] -> OnlineReplica, [Topic=__consumer_offsets,Partition=46,Replica=0] -> OnlineReplica, [Topic=__consumer_offsets,Partition=1,Replica=0] -> OnlineReplica, [Topic=__consumer_offsets,Partition=16,Replica=0] -> OnlineReplica, [Topic=__consumer_offsets,Partition=5,Replica=0] -> OnlineReplica, [Topic=__consumer_offsets,Partition=15,Replica=0] -> OnlineReplica, [Topic=__consumer_offsets,Partition=4,Replica=0] -> OnlineReplica, [Topic=__consumer_offsets,Partition=6,Replica=0] -> OnlineReplica, [Topic=__consumer_offsets,Partition=7,Replica=0] -> OnlineReplica, [Topic=__consumer_offsets,Partition=43,Replica=0] -> OnlineReplica, [Topic=__consumer_offsets,Partition=0,Replica=0] -> OnlineReplica, [Topic=__consumer_offsets,Partition=20,Replica=0] -> OnlineReplica, [Topic=__consumer_offsets,Partition=31,Replica=0] -> OnlineReplica, [Topic=__consumer_offsets,Partition=28,Replica=0] -> OnlineReplica, [Topic=__consumer_offsets,Partition=26,Replica=0] -> OnlineReplica, [Topic=__consumer_offsets,Partition=2,Replica=0] -> OnlineReplica, [Topic=__consumer_offsets,Partition=33,Replica=0] -> OnlineReplica, [Topic=__consumer_offsets,Partition=22,Replica=0] -> OnlineReplica, [Topic=__consumer_offsets,Partition=21,Replica=0] -> OnlineReplica, [Topic=__consumer_offsets,Partition=13,Replica=0] -> OnlineReplica, [Topic=__consumer_offsets,Partition=35,Replica=0] -> OnlineReplica) (kafka.controller.ZkReplicaStateMachine)
[2022-11-24 02:19:52,943] INFO [PartitionStateMachine controllerId=0] Initializing partition state (kafka.controller.ZkPartitionStateMachine)
[2022-11-24 02:19:52,944] INFO [PartitionStateMachine controllerId=0] Triggering online partition state changes (kafka.controller.ZkPartitionStateMachine)
[2022-11-24 02:19:52,944] DEBUG [PartitionStateMachine controllerId=0] Started partition state machine with initial state -> HashMap(__consumer_offsets-13 -> OnlinePartition, __consumer_offsets-46 -> OnlinePartition, __consumer_offsets-9 -> OnlinePartition, __consumer_offsets-42 -> OnlinePartition, __consumer_offsets-21 -> OnlinePartition, __consumer_offsets-17 -> OnlinePartition, __consumer_offsets-30 -> OnlinePartition, __consumer_offsets-26 -> OnlinePartition, __consumer_offsets-5 -> OnlinePartition, __consumer_offsets-38 -> OnlinePartition, __consumer_offsets-1 -> OnlinePartition, __consumer_offsets-34 -> OnlinePartition, __consumer_offsets-16 -> OnlinePartition, __consumer_offsets-45 -> OnlinePartition, __consumer_offsets-12 -> OnlinePartition, __consumer_offsets-41 -> OnlinePartition, __consumer_offsets-24 -> OnlinePartition, __consumer_offsets-20 -> OnlinePartition, __consumer_offsets-49 -> OnlinePartition, weather-topic-0 -> OnlinePartition, __consumer_offsets-0 -> OnlinePartition, __consumer_offsets-29 -> OnlinePartition, __consumer_offsets-25 -> OnlinePartition, __consumer_offsets-8 -> OnlinePartition, __consumer_offsets-37 -> OnlinePartition, __consumer_offsets-4 -> OnlinePartition, __consumer_offsets-33 -> OnlinePartition, __consumer_offsets-15 -> OnlinePartition, __consumer_offsets-48 -> OnlinePartition, __consumer_offsets-11 -> OnlinePartition, __consumer_offsets-44 -> OnlinePartition, __consumer_offsets-23 -> OnlinePartition, __consumer_offsets-19 -> OnlinePartition, __consumer_offsets-32 -> OnlinePartition, __consumer_offsets-28 -> OnlinePartition, __consumer_offsets-7 -> OnlinePartition, __consumer_offsets-40 -> OnlinePartition, __consumer_offsets-3 -> OnlinePartition, __consumer_offsets-36 -> OnlinePartition, __consumer_offsets-47 -> OnlinePartition, __consumer_offsets-14 -> OnlinePartition, __consumer_offsets-43 -> OnlinePartition, __consumer_offsets-10 -> OnlinePartition, __consumer_offsets-22 -> OnlinePartition, __consumer_offsets-18 -> OnlinePartition, __consumer_offsets-31 -> OnlinePartition, __consumer_offsets-27 -> OnlinePartition, __consumer_offsets-39 -> OnlinePartition, __consumer_offsets-6 -> OnlinePartition, __consumer_offsets-35 -> OnlinePartition, __consumer_offsets-2 -> OnlinePartition) (kafka.controller.ZkPartitionStateMachine)
[2022-11-24 02:19:52,944] INFO [Controller id=0] Ready to serve as the new controller with epoch 2 (kafka.controller.KafkaController)
[2022-11-24 02:19:52,946] INFO [Controller id=0] Partitions undergoing preferred replica election:  (kafka.controller.KafkaController)
[2022-11-24 02:19:52,946] INFO [Controller id=0] Partitions that completed preferred replica election:  (kafka.controller.KafkaController)
[2022-11-24 02:19:52,946] INFO [Controller id=0] Skipping preferred replica election for partitions due to topic deletion:  (kafka.controller.KafkaController)
[2022-11-24 02:19:52,946] INFO [Controller id=0] Resuming preferred replica election for partitions:  (kafka.controller.KafkaController)
[2022-11-24 02:19:52,946] INFO [Controller id=0] Starting replica leader election (PREFERRED) for partitions  triggered by ZkTriggered (kafka.controller.KafkaController)
[2022-11-24 02:19:53,494] INFO [Controller id=0] Starting the controller scheduler (kafka.controller.KafkaController)
[2022-11-24 02:19:58,501] INFO [Controller id=0] Processing automatic preferred replica leader election (kafka.controller.KafkaController)
[2022-11-24 02:19:58,501] TRACE [Controller id=0] Checking need to trigger auto leader balancing (kafka.controller.KafkaController)
[2022-11-24 02:19:58,502] DEBUG [Controller id=0] Topics not in preferred replica for broker 0 HashMap() (kafka.controller.KafkaController)
[2022-11-24 02:19:58,502] TRACE [Controller id=0] Leader imbalance ratio for broker 0 is 0.0 (kafka.controller.KafkaController)
[2022-11-24 10:52:36,230] DEBUG [Controller id=0] Resigning (kafka.controller.KafkaController)
[2022-11-24 10:52:36,575] DEBUG [Controller id=0] Unregister BrokerModifications handler for Set(0) (kafka.controller.KafkaController)
[2022-11-24 10:52:36,576] INFO [PartitionStateMachine controllerId=0] Stopped partition state machine (kafka.controller.ZkPartitionStateMachine)
[2022-11-24 10:52:36,576] INFO [ReplicaStateMachine controllerId=0] Stopped replica state machine (kafka.controller.ZkReplicaStateMachine)
[2022-11-24 10:52:36,576] INFO [RequestSendThread controllerId=0] Shutting down (kafka.controller.RequestSendThread)
[2022-11-24 10:52:36,576] INFO [RequestSendThread controllerId=0] Stopped (kafka.controller.RequestSendThread)
[2022-11-24 10:52:36,576] INFO [RequestSendThread controllerId=0] Shutdown completed (kafka.controller.RequestSendThread)
[2022-11-24 10:52:37,813] INFO [Controller id=0] Resigned (kafka.controller.KafkaController)
[2022-11-24 10:52:43,780] INFO [Controller id=0] 0 successfully elected as the controller. Epoch incremented to 3 and epoch zk version is now 3 (kafka.controller.KafkaController)
[2022-11-24 10:52:43,782] INFO [Controller id=0] Registering handlers (kafka.controller.KafkaController)
[2022-11-24 10:52:43,784] INFO [Controller id=0] Deleting log dir event notifications (kafka.controller.KafkaController)
[2022-11-24 10:52:43,785] INFO [Controller id=0] Deleting isr change notifications (kafka.controller.KafkaController)
[2022-11-24 10:52:43,786] INFO [Controller id=0] Initializing controller context (kafka.controller.KafkaController)
[2022-11-24 10:52:43,788] INFO [Controller id=0] Initialized broker epochs cache: HashMap(0 -> 147) (kafka.controller.KafkaController)
[2022-11-24 10:52:43,791] DEBUG [Controller id=0] Register BrokerModifications handler for Set(0) (kafka.controller.KafkaController)
[2022-11-24 10:52:43,818] DEBUG [Channel manager on controller 0]: Controller 0 trying to connect to broker 0 (kafka.controller.ControllerChannelManager)
[2022-11-24 10:52:43,822] INFO [Controller id=0] Currently active brokers in the cluster: Set(0) (kafka.controller.KafkaController)
[2022-11-24 10:52:43,822] INFO [Controller id=0] Currently shutting brokers in the cluster: HashSet() (kafka.controller.KafkaController)
[2022-11-24 10:52:43,822] INFO [Controller id=0] Current list of topics in the cluster: HashSet(__consumer_offsets, weather-topic) (kafka.controller.KafkaController)
[2022-11-24 10:52:43,822] INFO [Controller id=0] Fetching topic deletions in progress (kafka.controller.KafkaController)
[2022-11-24 10:52:43,822] INFO [RequestSendThread controllerId=0] Starting (kafka.controller.RequestSendThread)
[2022-11-24 10:52:43,824] INFO [Controller id=0] List of topics to be deleted:  (kafka.controller.KafkaController)
[2022-11-24 10:52:43,824] INFO [Controller id=0] List of topics ineligible for deletion:  (kafka.controller.KafkaController)
[2022-11-24 10:52:43,824] INFO [Controller id=0] Initializing topic deletion manager (kafka.controller.KafkaController)
[2022-11-24 10:52:43,824] INFO [Topic Deletion Manager 0] Initializing manager with initial deletions: Set(), initial ineligible deletions: HashSet() (kafka.controller.TopicDeletionManager)
[2022-11-24 10:52:43,824] INFO [Controller id=0] Sending update metadata request (kafka.controller.KafkaController)
[2022-11-24 10:52:44,751] INFO [ReplicaStateMachine controllerId=0] Initializing replica state (kafka.controller.ZkReplicaStateMachine)
[2022-11-24 10:52:44,752] INFO [ReplicaStateMachine controllerId=0] Triggering online replica state changes (kafka.controller.ZkReplicaStateMachine)
[2022-11-24 10:52:44,753] INFO [RequestSendThread controllerId=0] Controller 0 connected to host.docker.internal:9092 (id: 0 rack: null) for sending state change requests (kafka.controller.RequestSendThread)
[2022-11-24 10:52:44,755] INFO [ReplicaStateMachine controllerId=0] Triggering offline replica state changes (kafka.controller.ZkReplicaStateMachine)
[2022-11-24 10:52:44,755] DEBUG [ReplicaStateMachine controllerId=0] Started replica state machine with initial state -> HashMap([Topic=__consumer_offsets,Partition=40,Replica=0] -> OnlineReplica, [Topic=__consumer_offsets,Partition=27,Replica=0] -> OnlineReplica, [Topic=__consumer_offsets,Partition=49,Replica=0] -> OnlineReplica, [Topic=__consumer_offsets,Partition=47,Replica=0] -> OnlineReplica, [Topic=__consumer_offsets,Partition=3,Replica=0] -> OnlineReplica, [Topic=__consumer_offsets,Partition=18,Replica=0] -> OnlineReplica, [Topic=__consumer_offsets,Partition=44,Replica=0] -> OnlineReplica, [Topic=__consumer_offsets,Partition=8,Replica=0] -> OnlineReplica, [Topic=__consumer_offsets,Partition=34,Replica=0] -> OnlineReplica, [Topic=__consumer_offsets,Partition=25,Replica=0] -> OnlineReplica, [Topic=weather-topic,Partition=0,Replica=0] -> OnlineReplica, [Topic=__consumer_offsets,Partition=14,Replica=0] -> OnlineReplica, [Topic=__consumer_offsets,Partition=24,Replica=0] -> OnlineReplica, [Topic=__consumer_offsets,Partition=36,Replica=0] -> OnlineReplica, [Topic=__consumer_offsets,Partition=42,Replica=0] -> OnlineReplica, [Topic=__consumer_offsets,Partition=45,Replica=0] -> OnlineReplica, [Topic=__consumer_offsets,Partition=11,Replica=0] -> OnlineReplica, [Topic=__consumer_offsets,Partition=32,Replica=0] -> OnlineReplica, [Topic=__consumer_offsets,Partition=12,Replica=0] -> OnlineReplica, [Topic=__consumer_offsets,Partition=30,Replica=0] -> OnlineReplica, [Topic=__consumer_offsets,Partition=9,Replica=0] -> OnlineReplica, [Topic=__consumer_offsets,Partition=39,Replica=0] -> OnlineReplica, [Topic=__consumer_offsets,Partition=38,Replica=0] -> OnlineReplica, [Topic=__consumer_offsets,Partition=23,Replica=0] -> OnlineReplica, [Topic=__consumer_offsets,Partition=19,Replica=0] -> OnlineReplica, [Topic=__consumer_offsets,Partition=17,Replica=0] -> OnlineReplica, [Topic=__consumer_offsets,Partition=41,Replica=0] -> OnlineReplica, [Topic=__consumer_offsets,Partition=37,Replica=0] -> OnlineReplica, [Topic=__consumer_offsets,Partition=48,Replica=0] -> OnlineReplica, [Topic=__consumer_offsets,Partition=29,Replica=0] -> OnlineReplica, [Topic=__consumer_offsets,Partition=10,Replica=0] -> OnlineReplica, [Topic=__consumer_offsets,Partition=46,Replica=0] -> OnlineReplica, [Topic=__consumer_offsets,Partition=1,Replica=0] -> OnlineReplica, [Topic=__consumer_offsets,Partition=16,Replica=0] -> OnlineReplica, [Topic=__consumer_offsets,Partition=5,Replica=0] -> OnlineReplica, [Topic=__consumer_offsets,Partition=15,Replica=0] -> OnlineReplica, [Topic=__consumer_offsets,Partition=4,Replica=0] -> OnlineReplica, [Topic=__consumer_offsets,Partition=6,Replica=0] -> OnlineReplica, [Topic=__consumer_offsets,Partition=7,Replica=0] -> OnlineReplica, [Topic=__consumer_offsets,Partition=43,Replica=0] -> OnlineReplica, [Topic=__consumer_offsets,Partition=0,Replica=0] -> OnlineReplica, [Topic=__consumer_offsets,Partition=20,Replica=0] -> OnlineReplica, [Topic=__consumer_offsets,Partition=31,Replica=0] -> OnlineReplica, [Topic=__consumer_offsets,Partition=28,Replica=0] -> OnlineReplica, [Topic=__consumer_offsets,Partition=26,Replica=0] -> OnlineReplica, [Topic=__consumer_offsets,Partition=2,Replica=0] -> OnlineReplica, [Topic=__consumer_offsets,Partition=33,Replica=0] -> OnlineReplica, [Topic=__consumer_offsets,Partition=22,Replica=0] -> OnlineReplica, [Topic=__consumer_offsets,Partition=21,Replica=0] -> OnlineReplica, [Topic=__consumer_offsets,Partition=13,Replica=0] -> OnlineReplica, [Topic=__consumer_offsets,Partition=35,Replica=0] -> OnlineReplica) (kafka.controller.ZkReplicaStateMachine)
[2022-11-24 10:52:44,755] INFO [PartitionStateMachine controllerId=0] Initializing partition state (kafka.controller.ZkPartitionStateMachine)
[2022-11-24 10:52:44,757] INFO [PartitionStateMachine controllerId=0] Triggering online partition state changes (kafka.controller.ZkPartitionStateMachine)
[2022-11-24 10:52:44,757] DEBUG [PartitionStateMachine controllerId=0] Started partition state machine with initial state -> HashMap(__consumer_offsets-13 -> OnlinePartition, __consumer_offsets-46 -> OnlinePartition, __consumer_offsets-9 -> OnlinePartition, __consumer_offsets-42 -> OnlinePartition, __consumer_offsets-21 -> OnlinePartition, __consumer_offsets-17 -> OnlinePartition, __consumer_offsets-30 -> OnlinePartition, __consumer_offsets-26 -> OnlinePartition, __consumer_offsets-5 -> OnlinePartition, __consumer_offsets-38 -> OnlinePartition, __consumer_offsets-1 -> OnlinePartition, __consumer_offsets-34 -> OnlinePartition, __consumer_offsets-16 -> OnlinePartition, __consumer_offsets-45 -> OnlinePartition, __consumer_offsets-12 -> OnlinePartition, __consumer_offsets-41 -> OnlinePartition, __consumer_offsets-24 -> OnlinePartition, __consumer_offsets-20 -> OnlinePartition, __consumer_offsets-49 -> OnlinePartition, weather-topic-0 -> OnlinePartition, __consumer_offsets-0 -> OnlinePartition, __consumer_offsets-29 -> OnlinePartition, __consumer_offsets-25 -> OnlinePartition, __consumer_offsets-8 -> OnlinePartition, __consumer_offsets-37 -> OnlinePartition, __consumer_offsets-4 -> OnlinePartition, __consumer_offsets-33 -> OnlinePartition, __consumer_offsets-15 -> OnlinePartition, __consumer_offsets-48 -> OnlinePartition, __consumer_offsets-11 -> OnlinePartition, __consumer_offsets-44 -> OnlinePartition, __consumer_offsets-23 -> OnlinePartition, __consumer_offsets-19 -> OnlinePartition, __consumer_offsets-32 -> OnlinePartition, __consumer_offsets-28 -> OnlinePartition, __consumer_offsets-7 -> OnlinePartition, __consumer_offsets-40 -> OnlinePartition, __consumer_offsets-3 -> OnlinePartition, __consumer_offsets-36 -> OnlinePartition, __consumer_offsets-47 -> OnlinePartition, __consumer_offsets-14 -> OnlinePartition, __consumer_offsets-43 -> OnlinePartition, __consumer_offsets-10 -> OnlinePartition, __consumer_offsets-22 -> OnlinePartition, __consumer_offsets-18 -> OnlinePartition, __consumer_offsets-31 -> OnlinePartition, __consumer_offsets-27 -> OnlinePartition, __consumer_offsets-39 -> OnlinePartition, __consumer_offsets-6 -> OnlinePartition, __consumer_offsets-35 -> OnlinePartition, __consumer_offsets-2 -> OnlinePartition) (kafka.controller.ZkPartitionStateMachine)
[2022-11-24 10:52:44,757] INFO [Controller id=0] Ready to serve as the new controller with epoch 3 (kafka.controller.KafkaController)
[2022-11-24 10:52:44,758] INFO [Controller id=0] Partitions undergoing preferred replica election:  (kafka.controller.KafkaController)
[2022-11-24 10:52:44,758] INFO [Controller id=0] Partitions that completed preferred replica election:  (kafka.controller.KafkaController)
[2022-11-24 10:52:44,758] INFO [Controller id=0] Skipping preferred replica election for partitions due to topic deletion:  (kafka.controller.KafkaController)
[2022-11-24 10:52:44,759] INFO [Controller id=0] Resuming preferred replica election for partitions:  (kafka.controller.KafkaController)
[2022-11-24 10:52:44,759] INFO [Controller id=0] Starting replica leader election (PREFERRED) for partitions  triggered by ZkTriggered (kafka.controller.KafkaController)
[2022-11-24 10:52:46,428] INFO [Controller id=0] Starting the controller scheduler (kafka.controller.KafkaController)
[2022-11-24 10:52:51,439] INFO [Controller id=0] Processing automatic preferred replica leader election (kafka.controller.KafkaController)
[2022-11-24 10:52:51,439] TRACE [Controller id=0] Checking need to trigger auto leader balancing (kafka.controller.KafkaController)
[2022-11-24 10:52:51,440] DEBUG [Controller id=0] Topics not in preferred replica for broker 0 HashMap() (kafka.controller.KafkaController)
[2022-11-24 10:52:51,440] TRACE [Controller id=0] Leader imbalance ratio for broker 0 is 0.0 (kafka.controller.KafkaController)
[2022-11-24 10:57:51,443] INFO [Controller id=0] Processing automatic preferred replica leader election (kafka.controller.KafkaController)
[2022-11-24 10:57:51,444] TRACE [Controller id=0] Checking need to trigger auto leader balancing (kafka.controller.KafkaController)
[2022-11-24 10:57:51,446] DEBUG [Controller id=0] Topics not in preferred replica for broker 0 HashMap() (kafka.controller.KafkaController)
[2022-11-24 10:57:51,446] TRACE [Controller id=0] Leader imbalance ratio for broker 0 is 0.0 (kafka.controller.KafkaController)
[2022-11-24 11:02:51,455] INFO [Controller id=0] Processing automatic preferred replica leader election (kafka.controller.KafkaController)
[2022-11-24 11:02:51,459] TRACE [Controller id=0] Checking need to trigger auto leader balancing (kafka.controller.KafkaController)
[2022-11-24 11:02:51,462] DEBUG [Controller id=0] Topics not in preferred replica for broker 0 HashMap() (kafka.controller.KafkaController)
[2022-11-24 11:02:51,463] TRACE [Controller id=0] Leader imbalance ratio for broker 0 is 0.0 (kafka.controller.KafkaController)
[2022-11-24 11:07:51,472] INFO [Controller id=0] Processing automatic preferred replica leader election (kafka.controller.KafkaController)
[2022-11-24 11:07:51,472] TRACE [Controller id=0] Checking need to trigger auto leader balancing (kafka.controller.KafkaController)
[2022-11-24 11:07:51,473] DEBUG [Controller id=0] Topics not in preferred replica for broker 0 HashMap() (kafka.controller.KafkaController)
[2022-11-24 11:07:51,473] TRACE [Controller id=0] Leader imbalance ratio for broker 0 is 0.0 (kafka.controller.KafkaController)
[2022-11-24 11:12:51,482] INFO [Controller id=0] Processing automatic preferred replica leader election (kafka.controller.KafkaController)
[2022-11-24 11:12:51,482] TRACE [Controller id=0] Checking need to trigger auto leader balancing (kafka.controller.KafkaController)
[2022-11-24 11:12:51,482] DEBUG [Controller id=0] Topics not in preferred replica for broker 0 HashMap() (kafka.controller.KafkaController)
[2022-11-24 11:12:51,482] TRACE [Controller id=0] Leader imbalance ratio for broker 0 is 0.0 (kafka.controller.KafkaController)
[2022-11-24 11:17:51,490] INFO [Controller id=0] Processing automatic preferred replica leader election (kafka.controller.KafkaController)
[2022-11-24 11:17:51,491] TRACE [Controller id=0] Checking need to trigger auto leader balancing (kafka.controller.KafkaController)
[2022-11-24 11:17:51,493] DEBUG [Controller id=0] Topics not in preferred replica for broker 0 HashMap() (kafka.controller.KafkaController)
[2022-11-24 11:17:51,493] TRACE [Controller id=0] Leader imbalance ratio for broker 0 is 0.0 (kafka.controller.KafkaController)
[2022-11-24 11:22:51,504] INFO [Controller id=0] Processing automatic preferred replica leader election (kafka.controller.KafkaController)
[2022-11-24 11:22:51,504] TRACE [Controller id=0] Checking need to trigger auto leader balancing (kafka.controller.KafkaController)
[2022-11-24 11:22:51,505] DEBUG [Controller id=0] Topics not in preferred replica for broker 0 HashMap() (kafka.controller.KafkaController)
[2022-11-24 11:22:51,505] TRACE [Controller id=0] Leader imbalance ratio for broker 0 is 0.0 (kafka.controller.KafkaController)
[2022-11-24 11:27:51,519] INFO [Controller id=0] Processing automatic preferred replica leader election (kafka.controller.KafkaController)
[2022-11-24 11:27:51,520] TRACE [Controller id=0] Checking need to trigger auto leader balancing (kafka.controller.KafkaController)
[2022-11-24 11:27:51,520] DEBUG [Controller id=0] Topics not in preferred replica for broker 0 HashMap() (kafka.controller.KafkaController)
[2022-11-24 11:27:51,520] TRACE [Controller id=0] Leader imbalance ratio for broker 0 is 0.0 (kafka.controller.KafkaController)
[2022-11-24 11:32:51,533] INFO [Controller id=0] Processing automatic preferred replica leader election (kafka.controller.KafkaController)
[2022-11-24 11:32:51,533] TRACE [Controller id=0] Checking need to trigger auto leader balancing (kafka.controller.KafkaController)
[2022-11-24 11:32:51,534] DEBUG [Controller id=0] Topics not in preferred replica for broker 0 HashMap() (kafka.controller.KafkaController)
[2022-11-24 11:32:51,534] TRACE [Controller id=0] Leader imbalance ratio for broker 0 is 0.0 (kafka.controller.KafkaController)
[2022-11-24 11:37:51,540] INFO [Controller id=0] Processing automatic preferred replica leader election (kafka.controller.KafkaController)
[2022-11-24 11:37:51,540] TRACE [Controller id=0] Checking need to trigger auto leader balancing (kafka.controller.KafkaController)
[2022-11-24 11:37:51,541] DEBUG [Controller id=0] Topics not in preferred replica for broker 0 HashMap() (kafka.controller.KafkaController)
[2022-11-24 11:37:51,542] TRACE [Controller id=0] Leader imbalance ratio for broker 0 is 0.0 (kafka.controller.KafkaController)
[2022-11-24 11:42:51,556] INFO [Controller id=0] Processing automatic preferred replica leader election (kafka.controller.KafkaController)
[2022-11-24 11:42:51,556] TRACE [Controller id=0] Checking need to trigger auto leader balancing (kafka.controller.KafkaController)
[2022-11-24 11:42:51,558] DEBUG [Controller id=0] Topics not in preferred replica for broker 0 HashMap() (kafka.controller.KafkaController)
[2022-11-24 11:42:51,559] TRACE [Controller id=0] Leader imbalance ratio for broker 0 is 0.0 (kafka.controller.KafkaController)
[2022-11-24 11:47:51,563] INFO [Controller id=0] Processing automatic preferred replica leader election (kafka.controller.KafkaController)
[2022-11-24 11:47:51,564] TRACE [Controller id=0] Checking need to trigger auto leader balancing (kafka.controller.KafkaController)
[2022-11-24 11:47:51,566] DEBUG [Controller id=0] Topics not in preferred replica for broker 0 HashMap() (kafka.controller.KafkaController)
[2022-11-24 11:47:51,566] TRACE [Controller id=0] Leader imbalance ratio for broker 0 is 0.0 (kafka.controller.KafkaController)
